TN:
SF:script/BrrETH.s.sol
FN:22,BrrETHScript.run
FNDA:0,BrrETHScript.run
DA:23,0
DA:23,0
DA:25,0
DA:25,0
DA:25,0
DA:26,0
DA:26,0
DA:26,0
DA:41,0
DA:41,0
DA:43,0
DA:43,0
FNF:1
FNH:0
LF:5
LH:0
BRF:0
BRH:0
end_of_record
TN:
SF:script/BrrETHRedeemHelper.s.sol
FN:11,BrrETHRedeemHelperScript.run
FNDA:0,BrrETHRedeemHelperScript.run
DA:12,0
DA:12,0
DA:14,0
DA:14,0
FNF:1
FNH:0
LF:2
LH:0
BRF:0
BRH:0
end_of_record
TN:
SF:src/BrrETH.sol
FN:66,BrrETH.
FNDA:0,BrrETH.
DA:67,0
DA:67,0
FN:70,BrrETH.onlyAdmin
FNDA:104,BrrETH.onlyAdmin
DA:71,104
DA:71,104
DA:71,104
BRDA:71,0,0,1
BRDA:71,0,1,1
DA:72,1
DA:72,1
FN:77,BrrETH.initialize
FNDA:2,BrrETH.initialize
DA:84,1
DA:84,1
DA:85,1
DA:85,1
DA:86,1
DA:86,1
DA:87,1
DA:87,1
DA:88,1
DA:88,1
DA:89,1
DA:89,1
DA:89,1
DA:93,1
DA:93,1
DA:99,1
DA:99,1
FN:106,BrrETH.name
FNDA:1,BrrETH.name
DA:107,1
DA:107,1
FN:114,BrrETH.symbol
FNDA:1,BrrETH.symbol
DA:115,1
DA:115,1
FN:122,BrrETH.asset
FNDA:1,BrrETH.asset
DA:123,2013
DA:123,2013
FN:134,BrrETH.convertToShares
FNDA:334,BrrETH.convertToShares
DA:142,810
DA:142,810
DA:142,810
FN:153,BrrETH._deposit
FNDA:475,BrrETH._deposit
DA:159,475
DA:159,475
DA:161,475
DA:161,475
FN:170,BrrETH.deposit
FNDA:264,BrrETH.deposit
DA:174,264
DA:174,264
DA:176,264
DA:176,264
DA:176,264
DA:178,264
DA:178,264
DA:180,264
DA:180,264
DA:180,264
DA:180,264
DA:181,264
DA:181,264
DA:183,264
DA:183,264
BRDA:183,1,0,1
BRDA:183,1,1,263
DA:183,1
DA:185,263
DA:185,263
FN:197,BrrETH.deposit
FNDA:313,BrrETH.deposit
DA:202,313
DA:202,313
DA:202,313
BRDA:202,2,0,101
BRDA:202,2,1,212
DA:203,101
DA:203,101
DA:205,212
DA:205,212
DA:205,212
DA:207,212
DA:207,212
DA:209,212
DA:209,212
DA:216,212
DA:216,212
FN:220,BrrETH.harvest
FNDA:98,BrrETH.harvest
DA:221,148
DA:221,148
DA:223,148
DA:223,148
DA:223,148
DA:225,148
DA:225,148
DA:225,148
DA:227,148
DA:227,148
BRDA:227,3,0,-
BRDA:227,3,1,148
DA:227,0
DA:231,148
DA:231,148
DA:231,148
DA:237,148
DA:237,148
DA:237,148
DA:248,148
DA:248,148
DA:248,148
DA:251,148
DA:251,148
BRDA:251,4,0,-
BRDA:251,4,1,148
DA:254,148
DA:254,148
DA:256,148
DA:256,148
DA:256,148
DA:258,148
DA:258,148
DA:262,148
DA:262,148
DA:269,148
DA:269,148
DA:271,148
DA:271,148
FN:283,BrrETH.setCometRewards
FNDA:104,BrrETH.setCometRewards
DA:287,103
DA:287,103
DA:287,103
BRDA:287,5,0,1
BRDA:287,5,1,102
DA:287,1
DA:288,102
BRDA:288,6,0,50
BRDA:288,6,1,102
DA:288,50
DA:290,102
DA:290,102
DA:292,102
DA:292,102
FN:299,BrrETH.setRouter
FNDA:103,BrrETH.setRouter
DA:300,102
DA:300,102
DA:300,102
BRDA:300,7,0,1
BRDA:300,7,1,101
DA:300,1
DA:302,101
DA:302,101
DA:302,101
DA:306,101
DA:306,101
DA:308,101
DA:308,101
DA:311,101
DA:311,101
DA:313,101
DA:313,101
FN:320,BrrETH.setRewardFee
FNDA:203,BrrETH.setRewardFee
DA:321,202
DA:321,202
BRDA:321,8,0,101
BRDA:321,8,1,101
DA:321,101
DA:323,101
DA:323,101
DA:325,101
DA:325,101
FN:332,BrrETH.setProtocolFeeReceiver
FNDA:3,BrrETH.setProtocolFeeReceiver
DA:335,2
DA:335,2
DA:335,2
BRDA:335,9,0,1
BRDA:335,9,1,1
DA:336,1
DA:336,1
DA:338,1
DA:338,1
DA:340,1
DA:340,1
FN:347,BrrETH.setFeeDistributor
FNDA:52,BrrETH.setFeeDistributor
DA:348,51
DA:348,51
DA:348,51
BRDA:348,10,0,1
BRDA:348,10,1,50
DA:348,1
DA:350,50
DA:350,50
DA:352,50
DA:352,50
FN:359,BrrETH._authorizeUpgrade
FNDA:2,BrrETH._authorizeUpgrade
FN:365,BrrETH.maxMint
FNDA:1,BrrETH.maxMint
DA:366,1
DA:366,1
FN:369,BrrETH.maxWithdraw
FNDA:1,BrrETH.maxWithdraw
DA:370,1
DA:370,1
FN:373,BrrETH.previewMint
FNDA:1,BrrETH.previewMint
DA:374,1
DA:374,1
FN:377,BrrETH.previewWithdraw
FNDA:1,BrrETH.previewWithdraw
DA:378,1
DA:378,1
FN:381,BrrETH.mint
FNDA:1,BrrETH.mint
DA:382,1
DA:382,1
FN:385,BrrETH.withdraw
FNDA:1,BrrETH.withdraw
DA:390,1
DA:390,1
FNF:23
FNH:22
LF:70
LH:69
BRF:22
BRH:20
end_of_record
TN:
SF:src/BrrETHRedeemHelper.sol
FN:22,BrrETHRedeemHelper.
FNDA:0,BrrETHRedeemHelper.
DA:23,0
DA:23,0
FN:32,BrrETHRedeemHelper.redeem
FNDA:102,BrrETHRedeemHelper.redeem
DA:34,102
DA:34,102
DA:37,102
DA:37,102
DA:39,102
DA:39,102
DA:41,102
DA:41,102
BRDA:41,0,0,1
BRDA:41,0,1,101
DA:42,1
DA:42,1
DA:44,101
DA:44,101
FNF:2
FNH:1
LF:7
LH:6
BRF:2
BRH:2
end_of_record
TN:
SF:test/Helper.sol
FN:34,Helper.
FNDA:0,Helper.
DA:35,0
DA:35,0
DA:49,0
DA:49,0
FN:56,Helper._getVaultProxyAdmin
FNDA:201,Helper._getVaultProxyAdmin
DA:57,201
DA:57,201
DA:57,201
FNF:2
FNH:1
LF:3
LH:1
BRF:0
BRH:0
end_of_record
