TN:
SF:script/BrrETH.s.sol
FN:22,BrrETHScript.run
FNDA:0,BrrETHScript.run
DA:23,0
DA:25,0
DA:26,0
DA:27,0
DA:43,0
DA:45,0
FNF:1
FNH:0
LF:6
LH:0
BRF:0
BRH:0
end_of_record
TN:
SF:script/BrrETHRedeemHelper.s.sol
FN:11,BrrETHRedeemHelperScript.run
FNDA:0,BrrETHRedeemHelperScript.run
DA:12,0
DA:14,0
FNF:1
FNH:0
LF:2
LH:0
BRF:0
BRH:0
end_of_record
TN:
SF:src/BrrETH.sol
FN:77,BrrETH.initialize
FNDA:2,BrrETH.initialize
DA:84,1
DA:85,1
DA:86,1
DA:87,1
DA:88,1
DA:89,1
DA:93,1
DA:99,1
FN:106,BrrETH.name
FNDA:1,BrrETH.name
DA:107,1
FN:114,BrrETH.symbol
FNDA:1,BrrETH.symbol
DA:115,1
FN:122,BrrETH.asset
FNDA:1,BrrETH.asset
DA:123,2033
FN:134,BrrETH.convertToShares
FNDA:334,BrrETH.convertToShares
DA:142,818
FN:153,BrrETH._deposit
FNDA:483,BrrETH._deposit
DA:159,483
DA:161,483
FN:170,BrrETH.deposit
FNDA:272,BrrETH.deposit
DA:174,272
DA:176,272
DA:178,272
DA:180,272
DA:181,272
DA:183,272
BRDA:183,0,0,1
BRDA:183,0,1,271
DA:185,271
FN:197,BrrETH.deposit
FNDA:313,BrrETH.deposit
DA:202,313
BRDA:202,1,0,101
BRDA:202,1,1,212
DA:203,101
DA:205,212
DA:207,212
DA:209,212
DA:216,212
FN:220,BrrETH.harvest
FNDA:100,BrrETH.harvest
DA:221,158
DA:223,158
DA:225,158
DA:227,158
BRDA:227,2,0,-
BRDA:227,2,1,158
DA:231,158
DA:237,158
DA:248,158
DA:251,158
BRDA:251,3,0,-
BRDA:251,3,1,158
DA:254,158
DA:256,158
DA:258,158
DA:262,158
DA:269,158
DA:271,158
FN:283,BrrETH.setCometRewards
FNDA:104,BrrETH.setCometRewards
DA:287,103
BRDA:287,4,0,1
BRDA:287,4,1,102
DA:288,102
BRDA:288,5,0,58
BRDA:288,5,1,102
DA:290,102
DA:292,102
FN:299,BrrETH.setRouter
FNDA:103,BrrETH.setRouter
DA:300,102
BRDA:300,6,0,1
BRDA:300,6,1,101
DA:302,101
DA:306,101
DA:308,101
DA:311,101
DA:313,101
FN:320,BrrETH.setRewardFee
FNDA:203,BrrETH.setRewardFee
DA:321,202
BRDA:321,7,0,101
BRDA:321,7,1,101
DA:323,101
DA:325,101
FN:332,BrrETH.setProtocolFeeReceiver
FNDA:3,BrrETH.setProtocolFeeReceiver
DA:335,2
BRDA:335,8,0,1
BRDA:335,8,1,1
DA:336,1
DA:338,1
DA:340,1
FN:347,BrrETH.setFeeDistributor
FNDA:52,BrrETH.setFeeDistributor
DA:348,51
BRDA:348,9,0,1
BRDA:348,9,1,50
DA:350,50
DA:352,50
FN:359,BrrETH._authorizeUpgrade
FNDA:2,BrrETH._authorizeUpgrade
FN:365,BrrETH.maxMint
FNDA:1,BrrETH.maxMint
DA:366,1
FN:369,BrrETH.maxWithdraw
FNDA:1,BrrETH.maxWithdraw
DA:370,1
FN:373,BrrETH.previewMint
FNDA:1,BrrETH.previewMint
DA:374,1
FN:377,BrrETH.previewWithdraw
FNDA:1,BrrETH.previewWithdraw
DA:378,1
FN:381,BrrETH.mint
FNDA:1,BrrETH.mint
DA:382,1
FN:385,BrrETH.withdraw
FNDA:1,BrrETH.withdraw
DA:390,1
FNF:21
FNH:21
LF:67
LH:67
BRF:20
BRH:18
end_of_record
TN:
SF:src/BrrETHRedeemHelper.sol
FN:32,BrrETHRedeemHelper.redeem
FNDA:102,BrrETHRedeemHelper.redeem
DA:34,102
DA:37,102
DA:39,102
DA:41,102
BRDA:41,0,0,1
BRDA:41,0,1,101
DA:42,1
DA:44,101
FNF:1
FNH:1
LF:6
LH:6
BRF:2
BRH:2
end_of_record
TN:
SF:test/Helper.sol
FN:54,Helper._getVaultProxyAdmin
FNDA:0,Helper._getVaultProxyAdmin
DA:55,0
FNF:1
FNH:0
LF:1
LH:0
BRF:0
BRH:0
end_of_record
